/tmp/1740350583.789880.shell: line 17: activate: No such file or directory
++ realpath ../sc-atlassing-toolbox
+ pipeline=/nfs/team205/ld21/repos/sc-atlassing-toolbox
+ snakemake --profile .profiles/local --configfile configs/resources.yaml configs/load_config.yaml configs/marker_genes.yaml configs/outputs.yaml configs/t_cells_0612.yaml --snakefile /nfs/team205/ld21/repos/sc-atlassing-toolbox/workflow/Snakefile --use-conda --rerun-incomplete --keep-going --printshellcmds clustering_all -c 10
Using profile .profiles/local for setting default command line arguments.
Config file configs/outputs.yaml is extended by additional config specified via the command line.
WARNING:ModuleConfig: No default target specified for module "collect", using default:
"/nfs/team205/tcr_pipeline/datasets/pan_infection_atlas/snakemake_toolbox/out/collect/dataset~{dataset}.zarr..."
WARNING:ModuleConfig: No default target specified for module "uncollect", using default:
"/nfs/team205/tcr_pipeline/datasets/pan_infection_atlas/snakemake_toolbox/out/uncollect/dataset~{dataset}/file_id~{file_id}/new_file_id~{new_file_id}.zarr..."
WARNING:ModuleConfig: No default target specified for module "exploration", using default:
"/nfs/team205/tcr_pipeline/datasets/pan_infection_atlas/snakemake_toolbox/out/exploration/dataset~{dataset}/file_id~{file_id}.zarr..."
WARNING:ModuleConfig: No default target specified for module "sample_representation", using default:
"/nfs/team205/tcr_pipeline/datasets/pan_infection_atlas/snakemake_toolbox/out/sample_representation/dataset~{dataset}/file_id~{file_id}/method~{method}/input_type~{input_type}/use_rep~{use_rep}/var_mask~{var_mask}.zarr..."
WARNING:ModuleConfig: No default target specified for module "batch_analysis", using default:
"/nfs/team205/tcr_pipeline/datasets/pan_infection_atlas/snakemake_toolbox/out/batch_analysis/dataset~{dataset}/file_id~{file_id}.zarr..."
WARNING:ModuleConfig: No default target specified for module "doublets", using default:
"/nfs/team205/tcr_pipeline/datasets/pan_infection_atlas/snakemake_toolbox/out/doublets/dataset~{dataset}/file_id~{file_id}.zarr..."
WARNING:ModuleConfig: No default target specified for module "subset", using default:
"/nfs/team205/tcr_pipeline/datasets/pan_infection_atlas/snakemake_toolbox/out/subset/dataset~{dataset}/file_id~{file_id}/strategy~{strategy}.zarr..."
WARNING:ModuleConfig: No default target specified for module "label_transfer", using default:
"/nfs/team205/tcr_pipeline/datasets/pan_infection_atlas/snakemake_toolbox/out/label_transfer/dataset~{dataset}/file_id~{file_id}.zarr..."
WARNING:ModuleConfig: No default target specified for module "integration", using default:
"/nfs/team205/tcr_pipeline/datasets/pan_infection_atlas/snakemake_toolbox/out/integration/dataset~{dataset}/file_id~{file_id}/method~{method}/batch~{batch}/label~{label}/var_mask~{var_mask}/output_type~{output_type}.zarr..."
WARNING:ModuleConfig: No default target specified for module "marker_genes", using default:
"/nfs/team205/tcr_pipeline/datasets/pan_infection_atlas/snakemake_toolbox/out/marker_genes/dataset~{dataset}/file_id~{file_id}.zarr..."
Building DAG of jobs...
LockException:
Error: Directory cannot be locked. Please make sure that no other Snakemake process is trying to create the same files in the following directory:
/nfs/team205/ld21/repos/sc-atlassing-toolbox
If you are sure that no other instances of snakemake are running on this directory, the remaining lock was likely caused by a kill signal or a power loss. It can be removed with the --unlock argument.
